2025-05-09T01:26:05.019+05:30  WARN 20680 --- [Shopping-Cart] [HikariPool-157 housekeeper] com.zaxxer.hikari.pool.HikariPool        : HikariPool-157 - Thread starvation or clock leap detected (housekeeper delta=4h54m35s436ms121µs300ns).
2025-05-09T07:29:50.479+05:30  WARN 20680 --- [Shopping-Cart] [HikariPool-157 housekeeper] com.zaxxer.hikari.pool.HikariPool        : HikariPool-157 - Thread starvation or clock leap detected (housekeeper delta=6h3m25s888ms865µs300ns).
2025-05-09T07:42:09.291+05:30  WARN 20680 --- [Shopping-Cart] [HikariPool-157 housekeeper] com.zaxxer.hikari.pool.HikariPool        : HikariPool-157 - Thread starvation or clock leap detected (housekeeper delta=9m48s662ms777µs700ns).
2025-05-09T09:25:02.251+05:30  INFO 20680 --- [Shopping-Cart] [http-nio-8085-exec-1] o.a.c.c.C.[Tomcat-8].[localhost].[/]     : Initializing Spring DispatcherServlet 'dispatcherServlet'
2025-05-09T09:25:02.253+05:30  INFO 20680 --- [Shopping-Cart] [http-nio-8085-exec-1] o.s.web.servlet.DispatcherServlet        : Initializing Servlet 'dispatcherServlet'
2025-05-09T09:25:02.268+05:30  INFO 20680 --- [Shopping-Cart] [http-nio-8085-exec-1] o.s.web.servlet.DispatcherServlet        : Completed initialization in 13 ms
2025-05-09T09:26:30.695+05:30  INFO 20680 --- [Shopping-Cart] [File Watcher] rtingClassPathChangeChangedEventListener : Restarting due to 1 class path change (0 additions, 0 deletions, 1 modification)
2025-05-09T09:26:30.709+05:30  INFO 20680 --- [Shopping-Cart] [Thread-624] o.s.b.w.e.tomcat.GracefulShutdown        : Commencing graceful shutdown. Waiting for active requests to complete
2025-05-09T09:26:30.726+05:30  INFO 20680 --- [Shopping-Cart] [tomcat-shutdown] o.s.b.w.e.tomcat.GracefulShutdown        : Graceful shutdown complete
2025-05-09T09:26:30.732+05:30  INFO 20680 --- [Shopping-Cart] [Thread-624] j.LocalContainerEntityManagerFactoryBean : Closing JPA EntityManagerFactory for persistence unit 'default'
2025-05-09T09:26:30.738+05:30  WARN 20680 --- [Shopping-Cart] [Thread-624] o.s.b.f.support.DisposableBeanAdapter    : Invocation of destroy method failed on bean with name 'inMemoryDatabaseShutdownExecutor': org.h2.jdbc.JdbcSQLNonTransientConnectionException: Database is already closed (to disable automatic closing at VM shutdown, add ";DB_CLOSE_ON_EXIT=FALSE" to the db URL) [90121-232]
2025-05-09T09:26:30.739+05:30  INFO 20680 --- [Shopping-Cart] [Thread-624] com.zaxxer.hikari.HikariDataSource       : HikariPool-157 - Shutdown initiated...
2025-05-09T09:26:30.745+05:30  INFO 20680 --- [Shopping-Cart] [Thread-624] com.zaxxer.hikari.HikariDataSource       : HikariPool-157 - Shutdown completed.
2025-05-09T09:26:31.006+05:30  INFO 20680 --- [Shopping-Cart] [restartedMain] c.wu.shopping.ShoppingCartApplication    : Starting ShoppingCartApplication using Java 21.0.5 with PID 20680 (C:\Users\senapati.sahu\Documents\demo\shoppingCart\target\classes started by senapati.sahu in C:\Users\senapati.sahu\Documents\demo\shoppingCart)
2025-05-09T09:26:31.007+05:30  INFO 20680 --- [Shopping-Cart] [restartedMain] c.wu.shopping.ShoppingCartApplication    : No active profile set, falling back to 1 default profile: "default"
2025-05-09T09:26:31.732+05:30  INFO 20680 --- [Shopping-Cart] [restartedMain] .s.d.r.c.RepositoryConfigurationDelegate : Multiple Spring Data modules found, entering strict repository configuration mode
2025-05-09T09:26:31.733+05:30  INFO 20680 --- [Shopping-Cart] [restartedMain] .s.d.r.c.RepositoryConfigurationDelegate : Bootstrapping Spring Data JPA repositories in DEFAULT mode.
2025-05-09T09:26:31.770+05:30  INFO 20680 --- [Shopping-Cart] [restartedMain] .RepositoryConfigurationExtensionSupport : Spring Data JPA - Could not safely identify store assignment for repository candidate interface com.wu.shopping.repo.CartProductRepo; If you want this repository to be a JPA repository, consider annotating your entities with one of these annotations: jakarta.persistence.Entity, jakarta.persistence.MappedSuperclass (preferred), or consider extending one of the following types with your repository: org.springframework.data.jpa.repository.JpaRepository
2025-05-09T09:26:31.775+05:30  INFO 20680 --- [Shopping-Cart] [restartedMain] .RepositoryConfigurationExtensionSupport : Spring Data JPA - Could not safely identify store assignment for repository candidate interface com.wu.shopping.repo.OrderDetailRepo; If you want this repository to be a JPA repository, consider annotating your entities with one of these annotations: jakarta.persistence.Entity, jakarta.persistence.MappedSuperclass (preferred), or consider extending one of the following types with your repository: org.springframework.data.jpa.repository.JpaRepository
2025-05-09T09:26:31.780+05:30  INFO 20680 --- [Shopping-Cart] [restartedMain] .RepositoryConfigurationExtensionSupport : Spring Data JPA - Could not safely identify store assignment for repository candidate interface com.wu.shopping.repo.PaymentDetailRepo; If you want this repository to be a JPA repository, consider annotating your entities with one of these annotations: jakarta.persistence.Entity, jakarta.persistence.MappedSuperclass (preferred), or consider extending one of the following types with your repository: org.springframework.data.jpa.repository.JpaRepository
2025-05-09T09:26:31.784+05:30  INFO 20680 --- [Shopping-Cart] [restartedMain] .RepositoryConfigurationExtensionSupport : Spring Data JPA - Could not safely identify store assignment for repository candidate interface com.wu.shopping.repo.ProductRepo; If you want this repository to be a JPA repository, consider annotating your entities with one of these annotations: jakarta.persistence.Entity, jakarta.persistence.MappedSuperclass (preferred), or consider extending one of the following types with your repository: org.springframework.data.jpa.repository.JpaRepository
2025-05-09T09:26:31.790+05:30  INFO 20680 --- [Shopping-Cart] [restartedMain] .RepositoryConfigurationExtensionSupport : Spring Data JPA - Could not safely identify store assignment for repository candidate interface com.wu.shopping.repo.RegistrationRepo; If you want this repository to be a JPA repository, consider annotating your entities with one of these annotations: jakarta.persistence.Entity, jakarta.persistence.MappedSuperclass (preferred), or consider extending one of the following types with your repository: org.springframework.data.jpa.repository.JpaRepository
2025-05-09T09:26:31.795+05:30  INFO 20680 --- [Shopping-Cart] [restartedMain] .RepositoryConfigurationExtensionSupport : Spring Data JPA - Could not safely identify store assignment for repository candidate interface com.wu.shopping.repo.WalletRepo; If you want this repository to be a JPA repository, consider annotating your entities with one of these annotations: jakarta.persistence.Entity, jakarta.persistence.MappedSuperclass (preferred), or consider extending one of the following types with your repository: org.springframework.data.jpa.repository.JpaRepository
2025-05-09T09:26:31.795+05:30  INFO 20680 --- [Shopping-Cart] [restartedMain] .s.d.r.c.RepositoryConfigurationDelegate : Finished Spring Data repository scanning in 60 ms. Found 0 JPA repository interfaces.
2025-05-09T09:26:31.810+05:30  INFO 20680 --- [Shopping-Cart] [restartedMain] .s.d.r.c.RepositoryConfigurationDelegate : Multiple Spring Data modules found, entering strict repository configuration mode
2025-05-09T09:26:31.810+05:30  INFO 20680 --- [Shopping-Cart] [restartedMain] .s.d.r.c.RepositoryConfigurationDelegate : Bootstrapping Spring Data MongoDB repositories in DEFAULT mode.
2025-05-09T09:26:31.870+05:30  INFO 20680 --- [Shopping-Cart] [restartedMain] .s.d.r.c.RepositoryConfigurationDelegate : Finished Spring Data repository scanning in 58 ms. Found 6 MongoDB repository interfaces.
2025-05-09T09:26:32.124+05:30  INFO 20680 --- [Shopping-Cart] [restartedMain] o.s.b.w.embedded.tomcat.TomcatWebServer  : Tomcat initialized with port 8085 (http)
2025-05-09T09:26:32.128+05:30  INFO 20680 --- [Shopping-Cart] [restartedMain] o.apache.catalina.core.StandardService   : Starting service [Tomcat]
2025-05-09T09:26:32.128+05:30  INFO 20680 --- [Shopping-Cart] [restartedMain] o.apache.catalina.core.StandardEngine    : Starting Servlet engine: [Apache Tomcat/10.1.39]
2025-05-09T09:26:32.345+05:30  INFO 20680 --- [Shopping-Cart] [restartedMain] o.a.c.c.C.[Tomcat-8].[localhost].[/]     : Initializing Spring embedded WebApplicationContext
2025-05-09T09:26:32.346+05:30  INFO 20680 --- [Shopping-Cart] [restartedMain] w.s.c.ServletWebServerApplicationContext : Root WebApplicationContext: initialization completed in 1331 ms
2025-05-09T09:26:32.416+05:30  INFO 20680 --- [Shopping-Cart] [restartedMain] org.mongodb.driver.client                : MongoClient with metadata {"driver": {"name": "mongo-java-driver|sync|spring-boot", "version": "5.2.1"}, "os": {"type": "Windows", "name": "Windows 11", "architecture": "amd64", "version": "10.0"}, "platform": "Java/Eclipse Adoptium/21.0.5+11-LTS"} created with settings MongoClientSettings{readPreference=primary, writeConcern=WriteConcern{w=null, wTimeout=null ms, journal=null}, retryWrites=true, retryReads=true, readConcern=ReadConcern{level=null}, credential=null, transportSettings=null, commandListeners=[], codecRegistry=ProvidersCodecRegistry{codecProviders=[ValueCodecProvider{}, BsonValueCodecProvider{}, DBRefCodecProvider{}, DBObjectCodecProvider{}, DocumentCodecProvider{}, CollectionCodecProvider{}, IterableCodecProvider{}, MapCodecProvider{}, GeoJsonCodecProvider{}, GridFSFileCodecProvider{}, Jsr310CodecProvider{}, JsonObjectCodecProvider{}, BsonCodecProvider{}, EnumCodecProvider{}, com.mongodb.client.model.mql.ExpressionCodecProvider@1a64d464, com.mongodb.Jep395RecordCodecProvider@17f0f5ba, com.mongodb.KotlinCodecProvider@2a06f428]}, loggerSettings=LoggerSettings{maxDocumentLength=1000}, clusterSettings={hosts=[localhost:27017], srvServiceName=mongodb, mode=SINGLE, requiredClusterType=UNKNOWN, requiredReplicaSetName='null', serverSelector='null', clusterListeners='[]', serverSelectionTimeout='30000 ms', localThreshold='15 ms'}, socketSettings=SocketSettings{connectTimeoutMS=10000, readTimeoutMS=0, receiveBufferSize=0, proxySettings=ProxySettings{host=null, port=null, username=null, password=null}}, heartbeatSocketSettings=SocketSettings{connectTimeoutMS=10000, readTimeoutMS=10000, receiveBufferSize=0, proxySettings=ProxySettings{host=null, port=null, username=null, password=null}}, connectionPoolSettings=ConnectionPoolSettings{maxSize=100, minSize=0, maxWaitTimeMS=120000, maxConnectionLifeTimeMS=0, maxConnectionIdleTimeMS=0, maintenanceInitialDelayMS=0, maintenanceFrequencyMS=60000, connectionPoolListeners=[], maxConnecting=2}, serverSettings=ServerSettings{heartbeatFrequencyMS=10000, minHeartbeatFrequencyMS=500, serverMonitoringMode=AUTO, serverListeners='[]', serverMonitorListeners='[]'}, sslSettings=SslSettings{enabled=false, invalidHostNameAllowed=false, context=null}, applicationName='null', compressorList=[], uuidRepresentation=JAVA_LEGACY, serverApi=null, autoEncryptionSettings=null, dnsClient=null, inetAddressResolver=null, contextProvider=null, timeoutMS=null}
2025-05-09T09:26:32.458+05:30  INFO 20680 --- [Shopping-Cart] [cluster-ClusterId{value='681d7cf02efece1f1e7e3eeb', description='null'}-localhost:27017] org.mongodb.driver.cluster               : Monitor thread successfully connected to server with description ServerDescription{address=localhost:27017, type=STANDALONE, cryptd=false, state=CONNECTED, ok=true, minWireVersion=0, maxWireVersion=25, maxDocumentSize=16777216, logicalSessionTimeoutMinutes=30, roundTripTimeNanos=8620600, minRoundTripTimeNanos=0}
2025-05-09T09:26:32.645+05:30  WARN 20680 --- [Shopping-Cart] [restartedMain] JpaBaseConfiguration$JpaWebConfiguration : spring.jpa.open-in-view is enabled by default. Therefore, database queries may be performed during view rendering. Explicitly configure spring.jpa.open-in-view to disable this warning
2025-05-09T09:26:32.703+05:30  INFO 20680 --- [Shopping-Cart] [restartedMain] com.zaxxer.hikari.HikariDataSource       : HikariPool-158 - Starting...
2025-05-09T09:26:32.710+05:30  INFO 20680 --- [Shopping-Cart] [restartedMain] com.zaxxer.hikari.pool.HikariPool        : HikariPool-158 - Added connection conn1902: url=jdbc:h2:mem:88f49ce2-528d-4443-9d97-c78b024518af user=SA
2025-05-09T09:26:32.711+05:30  INFO 20680 --- [Shopping-Cart] [restartedMain] com.zaxxer.hikari.HikariDataSource       : HikariPool-158 - Start completed.
2025-05-09T09:26:32.715+05:30  INFO 20680 --- [Shopping-Cart] [restartedMain] o.hibernate.jpa.internal.util.LogHelper  : HHH000204: Processing PersistenceUnitInfo [name: default]
2025-05-09T09:26:32.725+05:30  INFO 20680 --- [Shopping-Cart] [restartedMain] o.h.c.internal.RegionFactoryInitiator    : HHH000026: Second-level cache disabled
2025-05-09T09:26:32.753+05:30  INFO 20680 --- [Shopping-Cart] [restartedMain] o.s.o.j.p.SpringPersistenceUnitInfo      : No LoadTimeWeaver setup: ignoring JPA class transformer
2025-05-09T09:26:32.758+05:30  INFO 20680 --- [Shopping-Cart] [restartedMain] org.hibernate.orm.connections.pooling    : HHH10001005: Database info:
	Database JDBC URL [Connecting through datasource 'HikariDataSource (HikariPool-158)']
	Database driver: undefined/unknown
	Database version: 2.3.232
	Autocommit mode: undefined/unknown
	Isolation level: undefined/unknown
	Minimum pool size: undefined/unknown
	Maximum pool size: undefined/unknown
2025-05-09T09:26:32.810+05:30  INFO 20680 --- [Shopping-Cart] [restartedMain] o.h.e.t.j.p.i.JtaPlatformInitiator       : HHH000489: No JTA platform available (set 'hibernate.transaction.jta.platform' to enable JTA platform integration)
2025-05-09T09:26:32.811+05:30  INFO 20680 --- [Shopping-Cart] [restartedMain] j.LocalContainerEntityManagerFactoryBean : Initialized JPA EntityManagerFactory for persistence unit 'default'
2025-05-09T09:26:32.934+05:30  INFO 20680 --- [Shopping-Cart] [restartedMain] o.s.b.d.a.OptionalLiveReloadServer       : LiveReload server is running on port 35729
2025-05-09T09:26:32.964+05:30  INFO 20680 --- [Shopping-Cart] [restartedMain] eAuthenticationProviderManagerConfigurer : Global AuthenticationManager configured with AuthenticationProvider bean with name authenticationProvider
2025-05-09T09:26:32.965+05:30  WARN 20680 --- [Shopping-Cart] [restartedMain] r$InitializeUserDetailsManagerConfigurer : Global AuthenticationManager configured with an AuthenticationProvider bean. UserDetailsService beans will not be used by Spring Security for automatically configuring username/password login. Consider removing the AuthenticationProvider bean. Alternatively, consider using the UserDetailsService in a manually instantiated DaoAuthenticationProvider. If the current configuration is intentional, to turn off this warning, increase the logging level of 'org.springframework.security.config.annotation.authentication.configuration.InitializeUserDetailsBeanManagerConfigurer' to ERROR
2025-05-09T09:26:33.236+05:30  INFO 20680 --- [Shopping-Cart] [restartedMain] o.s.b.a.h2.H2ConsoleAutoConfiguration    : H2 console available at '/h2-console'. Database available at 'jdbc:h2:mem:88f49ce2-528d-4443-9d97-c78b024518af'
2025-05-09T09:26:33.284+05:30  INFO 20680 --- [Shopping-Cart] [restartedMain] o.s.b.w.embedded.tomcat.TomcatWebServer  : Tomcat started on port 8085 (http) with context path '/'
2025-05-09T09:26:33.295+05:30  INFO 20680 --- [Shopping-Cart] [restartedMain] c.wu.shopping.ShoppingCartApplication    : Started ShoppingCartApplication in 2.45 seconds (process running for 163492.918)
2025-05-09T09:26:33.299+05:30  INFO 20680 --- [Shopping-Cart] [restartedMain] .ConditionEvaluationDeltaLoggingListener : Condition evaluation unchanged
2025-05-09T09:26:44.800+05:30  INFO 20680 --- [Shopping-Cart] [http-nio-8085-exec-1] o.a.c.c.C.[Tomcat-8].[localhost].[/]     : Initializing Spring DispatcherServlet 'dispatcherServlet'
2025-05-09T09:26:44.800+05:30  INFO 20680 --- [Shopping-Cart] [http-nio-8085-exec-1] o.s.web.servlet.DispatcherServlet        : Initializing Servlet 'dispatcherServlet'
2025-05-09T09:26:44.801+05:30  INFO 20680 --- [Shopping-Cart] [http-nio-8085-exec-1] o.s.web.servlet.DispatcherServlet        : Completed initialization in 1 ms
2025-05-09T10:51:17.768+05:30  INFO 20680 --- [Shopping-Cart] [http-nio-8085-exec-2] c.w.shopping.intercepter.LogIntercepter  : PreHandle: Intercepting request...
2025-05-09T10:51:17.771+05:30  INFO 20680 --- [Shopping-Cart] [http-nio-8085-exec-2] c.w.shopping.intercepter.LogIntercepter  : 888048ee-ff27-49d3-9a57-0c5ccad66cec - calling /auth/login
2025-05-09T10:51:17.779+05:30  INFO 20680 --- [Shopping-Cart] [http-nio-8085-exec-2] c.w.shopping.intercepter.LogIntercepter  : Request URI: /auth/login, Request Method: POST
2025-05-09T10:51:18.121+05:30  INFO 20680 --- [Shopping-Cart] [http-nio-8085-exec-2] c.w.shopping.intercepter.LogIntercepter  : PostHandle: Processing request completed. 200
2025-05-09T10:51:18.122+05:30  INFO 20680 --- [Shopping-Cart] [http-nio-8085-exec-2] c.w.shopping.intercepter.LogIntercepter  : 888048ee-ff27-49d3-9a57-0c5ccad66cec - response in 352ms
2025-05-09T10:51:18.123+05:30  INFO 20680 --- [Shopping-Cart] [http-nio-8085-exec-2] c.w.shopping.intercepter.LogIntercepter  : AfterCompletion: Request processing completed: 200 /auth/login
2025-05-09T10:51:18.124+05:30  INFO 20680 --- [Shopping-Cart] [http-nio-8085-exec-2] c.w.shopping.intercepter.LogIntercepter  : 888048ee-ff27-49d3-9a57-0c5ccad66cec - completed in 354ms
2025-05-09T10:51:36.414+05:30  INFO 20680 --- [Shopping-Cart] [http-nio-8085-exec-5] c.w.shopping.intercepter.LogIntercepter  : PreHandle: Intercepting request...
2025-05-09T10:51:36.414+05:30  INFO 20680 --- [Shopping-Cart] [http-nio-8085-exec-5] c.w.shopping.intercepter.LogIntercepter  : 233590ba-7c7d-4f57-a0fd-68718fc740f3 - calling /cart/viewCartDetail
2025-05-09T10:51:36.415+05:30  INFO 20680 --- [Shopping-Cart] [http-nio-8085-exec-5] c.w.shopping.intercepter.LogIntercepter  : Request URI: /cart/viewCartDetail, Request Method: POST
2025-05-09T10:51:36.434+05:30  INFO 20680 --- [Shopping-Cart] [http-nio-8085-exec-5] c.w.s.controller.CartProductController   : inside viewCartDetail() begine
2025-05-09T10:51:36.436+05:30  INFO 20680 --- [Shopping-Cart] [http-nio-8085-exec-5] c.w.shopping.service.CartProductService  : Inside viewCartDetail() | finding all product | in cart by user 6819dcae16d3cf2a40a4b593
2025-05-09T10:51:36.437+05:30  INFO 20680 --- [Shopping-Cart] [http-nio-8085-exec-5] c.w.shopping.service.CartProductService  : Inside getAllCartProductByUserId() | finding all product | in cart by user 6819dcae16d3cf2a40a4b593
2025-05-09T10:51:36.462+05:30  INFO 20680 --- [Shopping-Cart] [http-nio-8085-exec-5] c.w.shopping.intercepter.LogIntercepter  : PostHandle: Processing request completed. 200
2025-05-09T10:51:36.463+05:30  INFO 20680 --- [Shopping-Cart] [http-nio-8085-exec-5] c.w.shopping.intercepter.LogIntercepter  : 233590ba-7c7d-4f57-a0fd-68718fc740f3 - response in 49ms
2025-05-09T10:51:36.464+05:30  INFO 20680 --- [Shopping-Cart] [http-nio-8085-exec-5] c.w.shopping.intercepter.LogIntercepter  : AfterCompletion: Request processing completed: 200 /cart/viewCartDetail
2025-05-09T10:51:36.464+05:30  INFO 20680 --- [Shopping-Cart] [http-nio-8085-exec-5] c.w.shopping.intercepter.LogIntercepter  : 233590ba-7c7d-4f57-a0fd-68718fc740f3 - completed in 50ms
2025-05-09T10:52:26.866+05:30  INFO 20680 --- [Shopping-Cart] [http-nio-8085-exec-3] c.w.shopping.intercepter.LogIntercepter  : PreHandle: Intercepting request...
2025-05-09T10:52:26.867+05:30  INFO 20680 --- [Shopping-Cart] [http-nio-8085-exec-3] c.w.shopping.intercepter.LogIntercepter  : 32e7fd4e-8550-4a17-8096-13dbc20aabf2 - calling /cart/addToCart
2025-05-09T10:52:26.867+05:30  INFO 20680 --- [Shopping-Cart] [http-nio-8085-exec-3] c.w.shopping.intercepter.LogIntercepter  : Request URI: /cart/addToCart, Request Method: POST
2025-05-09T10:52:26.891+05:30  INFO 20680 --- [Shopping-Cart] [http-nio-8085-exec-3] c.w.s.controller.CartProductController   : inside addToCart() begine
2025-05-09T10:52:26.891+05:30  INFO 20680 --- [Shopping-Cart] [http-nio-8085-exec-3] c.w.shopping.service.CartProductService  :  addToCart | Product adding to cart for 680b29260ba07113d0830bfb
2025-05-09T10:52:26.892+05:30  INFO 20680 --- [Shopping-Cart] [http-nio-8085-exec-3] c.w.shopping.service.CartProductService  : Inside getCartProductByUserIdAndProductId() | finding all product | in cart by user & product Id 680b29260ba07113d0830bfb
2025-05-09T10:52:26.897+05:30  INFO 20680 --- [Shopping-Cart] [http-nio-8085-exec-3] com.wu.shopping.service.ProductService   : inside getAllProduct() 
2025-05-09T10:52:26.958+05:30  INFO 20680 --- [Shopping-Cart] [http-nio-8085-exec-3] c.w.shopping.service.CartProductService  : Inside getAllCartProductByUserId() | finding all product | in cart by user 680b29260ba07113d0830bfb
2025-05-09T10:52:26.971+05:30  INFO 20680 --- [Shopping-Cart] [http-nio-8085-exec-3] c.w.shopping.intercepter.LogIntercepter  : PostHandle: Processing request completed. 200
2025-05-09T10:52:26.972+05:30  INFO 20680 --- [Shopping-Cart] [http-nio-8085-exec-3] c.w.shopping.intercepter.LogIntercepter  : 32e7fd4e-8550-4a17-8096-13dbc20aabf2 - response in 106ms
2025-05-09T10:52:26.972+05:30  INFO 20680 --- [Shopping-Cart] [http-nio-8085-exec-3] c.w.shopping.intercepter.LogIntercepter  : AfterCompletion: Request processing completed: 200 /cart/addToCart
2025-05-09T10:52:26.973+05:30  INFO 20680 --- [Shopping-Cart] [http-nio-8085-exec-3] c.w.shopping.intercepter.LogIntercepter  : 32e7fd4e-8550-4a17-8096-13dbc20aabf2 - completed in 107ms
2025-05-09T10:52:28.746+05:30  INFO 20680 --- [Shopping-Cart] [http-nio-8085-exec-4] c.w.shopping.intercepter.LogIntercepter  : PreHandle: Intercepting request...
2025-05-09T10:52:28.747+05:30  INFO 20680 --- [Shopping-Cart] [http-nio-8085-exec-4] c.w.shopping.intercepter.LogIntercepter  : 20e6afa3-3d3f-416e-8607-8ade565f574d - calling /cart/addToCart
2025-05-09T10:52:28.747+05:30  INFO 20680 --- [Shopping-Cart] [http-nio-8085-exec-4] c.w.shopping.intercepter.LogIntercepter  : Request URI: /cart/addToCart, Request Method: POST
2025-05-09T10:52:28.750+05:30  INFO 20680 --- [Shopping-Cart] [http-nio-8085-exec-4] c.w.s.controller.CartProductController   : inside addToCart() begine
2025-05-09T10:52:28.751+05:30  INFO 20680 --- [Shopping-Cart] [http-nio-8085-exec-4] c.w.shopping.service.CartProductService  :  addToCart | Product adding to cart for 680b29260ba07113d0830bfb
2025-05-09T10:52:28.751+05:30  INFO 20680 --- [Shopping-Cart] [http-nio-8085-exec-4] c.w.shopping.service.CartProductService  : Inside getCartProductByUserIdAndProductId() | finding all product | in cart by user & product Id 680b29260ba07113d0830bfb
2025-05-09T10:52:28.754+05:30  INFO 20680 --- [Shopping-Cart] [http-nio-8085-exec-4] com.wu.shopping.service.ProductService   : inside getAllProduct() 
2025-05-09T10:52:28.758+05:30  INFO 20680 --- [Shopping-Cart] [http-nio-8085-exec-4] c.w.shopping.service.CartProductService  :  addToCart | already In cart so increasing quantity for user680b29260ba07113d0830bfb
2025-05-09T10:52:28.763+05:30  INFO 20680 --- [Shopping-Cart] [http-nio-8085-exec-4] c.w.shopping.service.CartProductService  : Inside getAllCartProductByUserId() | finding all product | in cart by user 680b29260ba07113d0830bfb
2025-05-09T10:52:28.770+05:30  INFO 20680 --- [Shopping-Cart] [http-nio-8085-exec-4] c.w.shopping.intercepter.LogIntercepter  : PostHandle: Processing request completed. 200
2025-05-09T10:52:28.771+05:30  INFO 20680 --- [Shopping-Cart] [http-nio-8085-exec-4] c.w.shopping.intercepter.LogIntercepter  : 20e6afa3-3d3f-416e-8607-8ade565f574d - response in 24ms
2025-05-09T10:52:28.771+05:30  INFO 20680 --- [Shopping-Cart] [http-nio-8085-exec-4] c.w.shopping.intercepter.LogIntercepter  : AfterCompletion: Request processing completed: 200 /cart/addToCart
2025-05-09T10:52:28.771+05:30  INFO 20680 --- [Shopping-Cart] [http-nio-8085-exec-4] c.w.shopping.intercepter.LogIntercepter  : 20e6afa3-3d3f-416e-8607-8ade565f574d - completed in 24ms
2025-05-09T10:55:08.336+05:30  INFO 20680 --- [Shopping-Cart] [http-nio-8085-exec-8] c.w.shopping.intercepter.LogIntercepter  : PreHandle: Intercepting request...
2025-05-09T10:55:08.337+05:30  INFO 20680 --- [Shopping-Cart] [http-nio-8085-exec-8] c.w.shopping.intercepter.LogIntercepter  : 73cbe80a-2ea5-49a5-86f4-d43268f4f934 - calling /cart/viewCartDetail
2025-05-09T10:55:08.337+05:30  INFO 20680 --- [Shopping-Cart] [http-nio-8085-exec-8] c.w.shopping.intercepter.LogIntercepter  : Request URI: /cart/viewCartDetail, Request Method: POST
2025-05-09T10:55:08.342+05:30  INFO 20680 --- [Shopping-Cart] [http-nio-8085-exec-8] c.w.s.controller.CartProductController   : inside viewCartDetail() begine
2025-05-09T10:55:08.342+05:30  INFO 20680 --- [Shopping-Cart] [http-nio-8085-exec-8] c.w.shopping.service.CartProductService  : Inside viewCartDetail() | finding all product | in cart by user 6819dcae16d3cf2a40a4b593
2025-05-09T10:55:08.342+05:30  INFO 20680 --- [Shopping-Cart] [http-nio-8085-exec-8] c.w.shopping.service.CartProductService  : Inside getAllCartProductByUserId() | finding all product | in cart by user 6819dcae16d3cf2a40a4b593
2025-05-09T10:55:08.352+05:30  INFO 20680 --- [Shopping-Cart] [http-nio-8085-exec-8] c.w.shopping.intercepter.LogIntercepter  : PostHandle: Processing request completed. 200
2025-05-09T10:55:08.353+05:30  INFO 20680 --- [Shopping-Cart] [http-nio-8085-exec-8] c.w.shopping.intercepter.LogIntercepter  : 73cbe80a-2ea5-49a5-86f4-d43268f4f934 - response in 16ms
2025-05-09T10:55:08.353+05:30  INFO 20680 --- [Shopping-Cart] [http-nio-8085-exec-8] c.w.shopping.intercepter.LogIntercepter  : AfterCompletion: Request processing completed: 200 /cart/viewCartDetail
2025-05-09T10:55:08.353+05:30  INFO 20680 --- [Shopping-Cart] [http-nio-8085-exec-8] c.w.shopping.intercepter.LogIntercepter  : 73cbe80a-2ea5-49a5-86f4-d43268f4f934 - completed in 16ms
2025-05-09T10:55:19.718+05:30  INFO 20680 --- [Shopping-Cart] [http-nio-8085-exec-9] c.w.shopping.intercepter.LogIntercepter  : PreHandle: Intercepting request...
2025-05-09T10:55:19.719+05:30  INFO 20680 --- [Shopping-Cart] [http-nio-8085-exec-9] c.w.shopping.intercepter.LogIntercepter  : 3d87ae5a-7433-4799-a859-7564c3870147 - calling /cart/viewCartDetail
2025-05-09T10:55:19.719+05:30  INFO 20680 --- [Shopping-Cart] [http-nio-8085-exec-9] c.w.shopping.intercepter.LogIntercepter  : Request URI: /cart/viewCartDetail, Request Method: POST
2025-05-09T10:55:19.721+05:30  INFO 20680 --- [Shopping-Cart] [http-nio-8085-exec-9] c.w.s.controller.CartProductController   : inside viewCartDetail() begine
2025-05-09T10:55:19.721+05:30  INFO 20680 --- [Shopping-Cart] [http-nio-8085-exec-9] c.w.shopping.service.CartProductService  : Inside viewCartDetail() | finding all product | in cart by user 680b29260ba07113d0830bfb
2025-05-09T10:55:19.721+05:30  INFO 20680 --- [Shopping-Cart] [http-nio-8085-exec-9] c.w.shopping.service.CartProductService  : Inside getAllCartProductByUserId() | finding all product | in cart by user 680b29260ba07113d0830bfb
2025-05-09T10:55:19.733+05:30  INFO 20680 --- [Shopping-Cart] [http-nio-8085-exec-9] c.w.shopping.intercepter.LogIntercepter  : PostHandle: Processing request completed. 200
2025-05-09T10:55:19.733+05:30  INFO 20680 --- [Shopping-Cart] [http-nio-8085-exec-9] c.w.shopping.intercepter.LogIntercepter  : 3d87ae5a-7433-4799-a859-7564c3870147 - response in 14ms
2025-05-09T10:55:19.734+05:30  INFO 20680 --- [Shopping-Cart] [http-nio-8085-exec-9] c.w.shopping.intercepter.LogIntercepter  : AfterCompletion: Request processing completed: 200 /cart/viewCartDetail
2025-05-09T10:55:19.734+05:30  INFO 20680 --- [Shopping-Cart] [http-nio-8085-exec-9] c.w.shopping.intercepter.LogIntercepter  : 3d87ae5a-7433-4799-a859-7564c3870147 - completed in 15ms
2025-05-09T10:57:04.020+05:30  INFO 20680 --- [Shopping-Cart] [http-nio-8085-exec-2] c.w.shopping.intercepter.LogIntercepter  : PreHandle: Intercepting request...
2025-05-09T10:57:04.020+05:30  INFO 20680 --- [Shopping-Cart] [http-nio-8085-exec-2] c.w.shopping.intercepter.LogIntercepter  : a094968c-1544-4228-a1ff-b953759734b6 - calling /cart/removeFromCart
2025-05-09T10:57:04.021+05:30  INFO 20680 --- [Shopping-Cart] [http-nio-8085-exec-2] c.w.shopping.intercepter.LogIntercepter  : Request URI: /cart/removeFromCart, Request Method: POST
2025-05-09T10:57:04.026+05:30  INFO 20680 --- [Shopping-Cart] [http-nio-8085-exec-2] c.w.s.controller.CartProductController   : inside removeFromCart() begine
2025-05-09T10:57:04.026+05:30  INFO 20680 --- [Shopping-Cart] [http-nio-8085-exec-2] c.w.shopping.service.CartProductService  : Inside removeCartItemByUseridAndProductId() | removing cart item for userid 680b29260ba07113d0830bfb
2025-05-09T10:57:04.027+05:30  INFO 20680 --- [Shopping-Cart] [http-nio-8085-exec-2] c.w.shopping.service.CartProductService  : Inside getCartProductByUserIdAndProductId() | finding all product | in cart by user & product Id 680b29260ba07113d0830bfb
2025-05-09T10:57:04.061+05:30  WARN 20680 --- [Shopping-Cart] [http-nio-8085-exec-2] .m.m.a.ExceptionHandlerExceptionResolver : Resolved [com.wu.shopping.exception.NoDataFoundException: No data found]
2025-05-09T10:57:04.062+05:30  INFO 20680 --- [Shopping-Cart] [http-nio-8085-exec-2] c.w.shopping.intercepter.LogIntercepter  : AfterCompletion: Request processing completed: 406 /cart/removeFromCart
2025-05-09T10:57:04.062+05:30  INFO 20680 --- [Shopping-Cart] [http-nio-8085-exec-2] c.w.shopping.intercepter.LogIntercepter  : a094968c-1544-4228-a1ff-b953759734b6 - completed in 42ms
2025-05-09T10:57:18.988+05:30  INFO 20680 --- [Shopping-Cart] [http-nio-8085-exec-5] c.w.shopping.intercepter.LogIntercepter  : PreHandle: Intercepting request...
2025-05-09T10:57:18.988+05:30  INFO 20680 --- [Shopping-Cart] [http-nio-8085-exec-5] c.w.shopping.intercepter.LogIntercepter  : 9e2aa290-47a7-474e-8eba-b53739c23b43 - calling /cart/removeFromCart
2025-05-09T10:57:18.988+05:30  INFO 20680 --- [Shopping-Cart] [http-nio-8085-exec-5] c.w.shopping.intercepter.LogIntercepter  : Request URI: /cart/removeFromCart, Request Method: POST
2025-05-09T10:57:18.990+05:30  INFO 20680 --- [Shopping-Cart] [http-nio-8085-exec-5] c.w.s.controller.CartProductController   : inside removeFromCart() begine
2025-05-09T10:57:18.991+05:30  INFO 20680 --- [Shopping-Cart] [http-nio-8085-exec-5] c.w.shopping.service.CartProductService  : Inside removeCartItemByUseridAndProductId() | removing cart item for userid 680b29260ba07113d0830bfb
2025-05-09T10:57:18.991+05:30  INFO 20680 --- [Shopping-Cart] [http-nio-8085-exec-5] c.w.shopping.service.CartProductService  : Inside getCartProductByUserIdAndProductId() | finding all product | in cart by user & product Id 680b29260ba07113d0830bfb
2025-05-09T10:57:19.000+05:30  WARN 20680 --- [Shopping-Cart] [http-nio-8085-exec-5] .m.m.a.ExceptionHandlerExceptionResolver : Resolved [com.wu.shopping.exception.NoDataFoundException: No data found]
2025-05-09T10:57:19.001+05:30  INFO 20680 --- [Shopping-Cart] [http-nio-8085-exec-5] c.w.shopping.intercepter.LogIntercepter  : AfterCompletion: Request processing completed: 406 /cart/removeFromCart
2025-05-09T10:57:19.002+05:30  INFO 20680 --- [Shopping-Cart] [http-nio-8085-exec-5] c.w.shopping.intercepter.LogIntercepter  : 9e2aa290-47a7-474e-8eba-b53739c23b43 - completed in 14ms
2025-05-09T10:57:36.208+05:30  INFO 20680 --- [Shopping-Cart] [http-nio-8085-exec-3] c.w.shopping.intercepter.LogIntercepter  : PreHandle: Intercepting request...
2025-05-09T10:57:36.208+05:30  INFO 20680 --- [Shopping-Cart] [http-nio-8085-exec-3] c.w.shopping.intercepter.LogIntercepter  : 48fe4b08-3d0b-40bd-840a-eed9d7c1a30a - calling /cart/removeFromCart
2025-05-09T10:57:36.208+05:30  INFO 20680 --- [Shopping-Cart] [http-nio-8085-exec-3] c.w.shopping.intercepter.LogIntercepter  : Request URI: /cart/removeFromCart, Request Method: POST
2025-05-09T10:57:36.209+05:30  INFO 20680 --- [Shopping-Cart] [http-nio-8085-exec-3] c.w.s.controller.CartProductController   : inside removeFromCart() begine
2025-05-09T10:57:36.210+05:30  INFO 20680 --- [Shopping-Cart] [http-nio-8085-exec-3] c.w.shopping.service.CartProductService  : Inside removeCartItemByUseridAndProductId() | removing cart item for userid 680b29260ba07113d0830bfb
2025-05-09T10:57:36.210+05:30  INFO 20680 --- [Shopping-Cart] [http-nio-8085-exec-3] c.w.shopping.service.CartProductService  : Inside getCartProductByUserIdAndProductId() | finding all product | in cart by user & product Id 680b29260ba07113d0830bfb
2025-05-09T10:57:36.239+05:30  WARN 20680 --- [Shopping-Cart] [http-nio-8085-exec-3] .m.m.a.ExceptionHandlerExceptionResolver : Resolved [com.wu.shopping.exception.NoDataFoundException: No data found]
2025-05-09T10:57:36.239+05:30  INFO 20680 --- [Shopping-Cart] [http-nio-8085-exec-3] c.w.shopping.intercepter.LogIntercepter  : AfterCompletion: Request processing completed: 406 /cart/removeFromCart
2025-05-09T10:57:36.239+05:30  INFO 20680 --- [Shopping-Cart] [http-nio-8085-exec-3] c.w.shopping.intercepter.LogIntercepter  : 48fe4b08-3d0b-40bd-840a-eed9d7c1a30a - completed in 31ms
2025-05-09T10:58:11.221+05:30  INFO 20680 --- [Shopping-Cart] [http-nio-8085-exec-4] c.w.shopping.intercepter.LogIntercepter  : PreHandle: Intercepting request...
2025-05-09T10:58:11.222+05:30  INFO 20680 --- [Shopping-Cart] [http-nio-8085-exec-4] c.w.shopping.intercepter.LogIntercepter  : 95a7d6a1-057f-4eaa-bce7-01a88b0b7749 - calling /cart/removeFromCart
2025-05-09T10:58:11.222+05:30  INFO 20680 --- [Shopping-Cart] [http-nio-8085-exec-4] c.w.shopping.intercepter.LogIntercepter  : Request URI: /cart/removeFromCart, Request Method: POST
2025-05-09T10:58:11.222+05:30  INFO 20680 --- [Shopping-Cart] [http-nio-8085-exec-4] c.w.s.controller.CartProductController   : inside removeFromCart() begine
2025-05-09T10:58:11.223+05:30  INFO 20680 --- [Shopping-Cart] [http-nio-8085-exec-4] c.w.shopping.service.CartProductService  : Inside removeCartItemByUseridAndProductId() | removing cart item for userid 680b29260ba07113d0830bfb
2025-05-09T10:58:11.223+05:30  INFO 20680 --- [Shopping-Cart] [http-nio-8085-exec-4] c.w.shopping.service.CartProductService  : Inside getCartProductByUserIdAndProductId() | finding all product | in cart by user & product Id 680b29260ba07113d0830bfb
2025-05-09T10:58:11.225+05:30  INFO 20680 --- [Shopping-Cart] [http-nio-8085-exec-4] c.w.shopping.service.CartProductService  :  removing from Cart | more that one product In cart so decresing quantity for user 
2025-05-09T10:58:11.227+05:30  INFO 20680 --- [Shopping-Cart] [http-nio-8085-exec-4] c.w.shopping.service.CartProductService  : Inside getAllCartProductByUserId() | finding all product | in cart by user 680b29260ba07113d0830bfb
2025-05-09T10:58:11.231+05:30  INFO 20680 --- [Shopping-Cart] [http-nio-8085-exec-4] c.w.shopping.intercepter.LogIntercepter  : PostHandle: Processing request completed. 200
2025-05-09T10:58:11.231+05:30  INFO 20680 --- [Shopping-Cart] [http-nio-8085-exec-4] c.w.shopping.intercepter.LogIntercepter  : 95a7d6a1-057f-4eaa-bce7-01a88b0b7749 - response in 9ms
2025-05-09T10:58:11.232+05:30  INFO 20680 --- [Shopping-Cart] [http-nio-8085-exec-4] c.w.shopping.intercepter.LogIntercepter  : AfterCompletion: Request processing completed: 200 /cart/removeFromCart
2025-05-09T10:58:11.232+05:30  INFO 20680 --- [Shopping-Cart] [http-nio-8085-exec-4] c.w.shopping.intercepter.LogIntercepter  : 95a7d6a1-057f-4eaa-bce7-01a88b0b7749 - completed in 10ms
2025-05-09T11:05:20.724+05:30  INFO 20680 --- [Shopping-Cart] [http-nio-8085-exec-8] c.w.shopping.intercepter.LogIntercepter  : PreHandle: Intercepting request...
2025-05-09T11:05:20.724+05:30  INFO 20680 --- [Shopping-Cart] [http-nio-8085-exec-8] c.w.shopping.intercepter.LogIntercepter  : 8b24c1ff-ba2e-4a7e-91e6-35ab882af67f - calling /order/placeorder
2025-05-09T11:05:20.724+05:30  INFO 20680 --- [Shopping-Cart] [http-nio-8085-exec-8] c.w.shopping.intercepter.LogIntercepter  : Request URI: /order/placeorder, Request Method: POST
2025-05-09T11:05:20.736+05:30  INFO 20680 --- [Shopping-Cart] [http-nio-8085-exec-8] c.w.s.controller.OrderDetailController   : inside placeorder() begine for user 6819dcae16d3cf2a40a4b593
2025-05-09T11:05:20.737+05:30  INFO 20680 --- [Shopping-Cart] [http-nio-8085-exec-8] c.w.shopping.service.OrderDetailService  : Inside placeOrder | for user 6819dcae16d3cf2a40a4b593
2025-05-09T11:05:20.744+05:30  WARN 20680 --- [Shopping-Cart] [http-nio-8085-exec-8] .m.m.a.ExceptionHandlerExceptionResolver : Resolved [com.wu.shopping.exception.NoDataFoundException: No Data Found]
2025-05-09T11:05:20.745+05:30  INFO 20680 --- [Shopping-Cart] [http-nio-8085-exec-8] c.w.shopping.intercepter.LogIntercepter  : AfterCompletion: Request processing completed: 406 /order/placeorder
2025-05-09T11:05:20.745+05:30  INFO 20680 --- [Shopping-Cart] [http-nio-8085-exec-8] c.w.shopping.intercepter.LogIntercepter  : 8b24c1ff-ba2e-4a7e-91e6-35ab882af67f - completed in 21ms
2025-05-09T11:05:42.870+05:30  INFO 20680 --- [Shopping-Cart] [http-nio-8085-exec-9] c.w.shopping.intercepter.LogIntercepter  : PreHandle: Intercepting request...
2025-05-09T11:05:42.870+05:30  INFO 20680 --- [Shopping-Cart] [http-nio-8085-exec-9] c.w.shopping.intercepter.LogIntercepter  : 8e9fb7fc-c102-4bfd-a249-7dbfebfee667 - calling /order/placeorder
2025-05-09T11:05:42.870+05:30  INFO 20680 --- [Shopping-Cart] [http-nio-8085-exec-9] c.w.shopping.intercepter.LogIntercepter  : Request URI: /order/placeorder, Request Method: POST
2025-05-09T11:05:42.871+05:30  INFO 20680 --- [Shopping-Cart] [http-nio-8085-exec-9] c.w.s.controller.OrderDetailController   : inside placeorder() begine for user 680b29260ba07113d0830bfb
2025-05-09T11:05:42.871+05:30  INFO 20680 --- [Shopping-Cart] [http-nio-8085-exec-9] c.w.shopping.service.OrderDetailService  : Inside placeOrder | for user 680b29260ba07113d0830bfb
2025-05-09T11:05:42.876+05:30  WARN 20680 --- [Shopping-Cart] [http-nio-8085-exec-9] .m.m.a.ExceptionHandlerExceptionResolver : Resolved [com.wu.shopping.exception.NoDataFoundException: No Data Found]
2025-05-09T11:05:42.876+05:30  INFO 20680 --- [Shopping-Cart] [http-nio-8085-exec-9] c.w.shopping.intercepter.LogIntercepter  : AfterCompletion: Request processing completed: 406 /order/placeorder
2025-05-09T11:05:42.876+05:30  INFO 20680 --- [Shopping-Cart] [http-nio-8085-exec-9] c.w.shopping.intercepter.LogIntercepter  : 8e9fb7fc-c102-4bfd-a249-7dbfebfee667 - completed in 6ms
2025-05-09T11:06:46.941+05:30  INFO 20680 --- [Shopping-Cart] [http-nio-8085-exec-2] c.w.shopping.intercepter.LogIntercepter  : PreHandle: Intercepting request...
2025-05-09T11:06:46.942+05:30  INFO 20680 --- [Shopping-Cart] [http-nio-8085-exec-2] c.w.shopping.intercepter.LogIntercepter  : 07e0be9b-f85e-4838-b62c-e4d4f028040b - calling /order/placeorder
2025-05-09T11:06:46.942+05:30  INFO 20680 --- [Shopping-Cart] [http-nio-8085-exec-2] c.w.shopping.intercepter.LogIntercepter  : Request URI: /order/placeorder, Request Method: POST
2025-05-09T11:06:46.944+05:30  INFO 20680 --- [Shopping-Cart] [http-nio-8085-exec-2] c.w.s.controller.OrderDetailController   : inside placeorder() begine for user 680b29260ba07113d0830bfb
2025-05-09T11:06:46.944+05:30  INFO 20680 --- [Shopping-Cart] [http-nio-8085-exec-2] c.w.shopping.service.OrderDetailService  : Inside placeOrder | for user 680b29260ba07113d0830bfb
2025-05-09T11:06:46.952+05:30  WARN 20680 --- [Shopping-Cart] [http-nio-8085-exec-2] .m.m.a.ExceptionHandlerExceptionResolver : Resolved [com.wu.shopping.exception.NoDataFoundException: No Data Found]
2025-05-09T11:06:46.953+05:30  INFO 20680 --- [Shopping-Cart] [http-nio-8085-exec-2] c.w.shopping.intercepter.LogIntercepter  : AfterCompletion: Request processing completed: 406 /order/placeorder
2025-05-09T11:06:46.953+05:30  INFO 20680 --- [Shopping-Cart] [http-nio-8085-exec-2] c.w.shopping.intercepter.LogIntercepter  : 07e0be9b-f85e-4838-b62c-e4d4f028040b - completed in 11ms
2025-05-09T11:07:10.500+05:30  INFO 20680 --- [Shopping-Cart] [http-nio-8085-exec-5] c.w.shopping.intercepter.LogIntercepter  : PreHandle: Intercepting request...
2025-05-09T11:07:10.501+05:30  INFO 20680 --- [Shopping-Cart] [http-nio-8085-exec-5] c.w.shopping.intercepter.LogIntercepter  : a5b8c70c-34e9-410b-9348-73159c12ce1e - calling /order/placeorder
2025-05-09T11:07:10.501+05:30  INFO 20680 --- [Shopping-Cart] [http-nio-8085-exec-5] c.w.shopping.intercepter.LogIntercepter  : Request URI: /order/placeorder, Request Method: POST
2025-05-09T11:07:10.502+05:30  INFO 20680 --- [Shopping-Cart] [http-nio-8085-exec-5] c.w.s.controller.OrderDetailController   : inside placeorder() begine for user 680b29260ba07113d0830bfb
2025-05-09T11:07:10.503+05:30  INFO 20680 --- [Shopping-Cart] [http-nio-8085-exec-5] c.w.shopping.service.OrderDetailService  : Inside placeOrder | for user 680b29260ba07113d0830bfb
2025-05-09T11:07:10.510+05:30  WARN 20680 --- [Shopping-Cart] [http-nio-8085-exec-5] .m.m.a.ExceptionHandlerExceptionResolver : Resolved [com.wu.shopping.exception.NoDataFoundException: No Data Found]
2025-05-09T11:07:10.510+05:30  INFO 20680 --- [Shopping-Cart] [http-nio-8085-exec-5] c.w.shopping.intercepter.LogIntercepter  : AfterCompletion: Request processing completed: 406 /order/placeorder
2025-05-09T11:07:10.510+05:30  INFO 20680 --- [Shopping-Cart] [http-nio-8085-exec-5] c.w.shopping.intercepter.LogIntercepter  : a5b8c70c-34e9-410b-9348-73159c12ce1e - completed in 9ms
2025-05-09T11:07:30.677+05:30  INFO 20680 --- [Shopping-Cart] [http-nio-8085-exec-3] c.w.shopping.intercepter.LogIntercepter  : PreHandle: Intercepting request...
2025-05-09T11:07:30.678+05:30  INFO 20680 --- [Shopping-Cart] [http-nio-8085-exec-3] c.w.shopping.intercepter.LogIntercepter  : 0c09fcaa-f554-4f09-bbda-f23b5844f1ba - calling /order/placeorder
2025-05-09T11:07:30.678+05:30  INFO 20680 --- [Shopping-Cart] [http-nio-8085-exec-3] c.w.shopping.intercepter.LogIntercepter  : Request URI: /order/placeorder, Request Method: POST
2025-05-09T11:07:30.679+05:30  INFO 20680 --- [Shopping-Cart] [http-nio-8085-exec-3] c.w.s.controller.OrderDetailController   : inside placeorder() begine for user 680b29260ba07113d0830bfb
2025-05-09T11:07:30.680+05:30  INFO 20680 --- [Shopping-Cart] [http-nio-8085-exec-3] c.w.shopping.service.OrderDetailService  : Inside placeOrder | for user 680b29260ba07113d0830bfb
2025-05-09T11:07:30.687+05:30  WARN 20680 --- [Shopping-Cart] [http-nio-8085-exec-3] .m.m.a.ExceptionHandlerExceptionResolver : Resolved [com.wu.shopping.exception.NoDataFoundException: No Data Found]
2025-05-09T11:07:30.687+05:30  INFO 20680 --- [Shopping-Cart] [http-nio-8085-exec-3] c.w.shopping.intercepter.LogIntercepter  : AfterCompletion: Request processing completed: 406 /order/placeorder
2025-05-09T11:07:30.687+05:30  INFO 20680 --- [Shopping-Cart] [http-nio-8085-exec-3] c.w.shopping.intercepter.LogIntercepter  : 0c09fcaa-f554-4f09-bbda-f23b5844f1ba - completed in 9ms
2025-05-09T11:08:17.199+05:30  INFO 20680 --- [Shopping-Cart] [http-nio-8085-exec-4] c.w.shopping.intercepter.LogIntercepter  : PreHandle: Intercepting request...
2025-05-09T11:08:17.200+05:30  INFO 20680 --- [Shopping-Cart] [http-nio-8085-exec-4] c.w.shopping.intercepter.LogIntercepter  : 74db820e-9d05-4844-a1c7-3b4db0ae1369 - calling /order/placeorder
2025-05-09T11:08:17.200+05:30  INFO 20680 --- [Shopping-Cart] [http-nio-8085-exec-4] c.w.shopping.intercepter.LogIntercepter  : Request URI: /order/placeorder, Request Method: POST
2025-05-09T11:08:17.203+05:30  INFO 20680 --- [Shopping-Cart] [http-nio-8085-exec-4] c.w.s.controller.OrderDetailController   : inside placeorder() begine for user 680b29260ba07113d0830bfb
2025-05-09T11:08:17.203+05:30  INFO 20680 --- [Shopping-Cart] [http-nio-8085-exec-4] c.w.shopping.service.OrderDetailService  : Inside placeOrder | for user 680b29260ba07113d0830bfb
2025-05-09T11:08:17.209+05:30  WARN 20680 --- [Shopping-Cart] [http-nio-8085-exec-4] .m.m.a.ExceptionHandlerExceptionResolver : Resolved [com.wu.shopping.exception.NoDataFoundException: No Data Found]
2025-05-09T11:08:17.210+05:30  INFO 20680 --- [Shopping-Cart] [http-nio-8085-exec-4] c.w.shopping.intercepter.LogIntercepter  : AfterCompletion: Request processing completed: 406 /order/placeorder
2025-05-09T11:08:17.210+05:30  INFO 20680 --- [Shopping-Cart] [http-nio-8085-exec-4] c.w.shopping.intercepter.LogIntercepter  : 74db820e-9d05-4844-a1c7-3b4db0ae1369 - completed in 10ms
2025-05-09T11:10:09.373+05:30  INFO 20680 --- [Shopping-Cart] [http-nio-8085-exec-8] c.w.shopping.intercepter.LogIntercepter  : PreHandle: Intercepting request...
2025-05-09T11:10:09.373+05:30  INFO 20680 --- [Shopping-Cart] [http-nio-8085-exec-8] c.w.shopping.intercepter.LogIntercepter  : 7afdef06-c85c-4bab-9d7d-08347ee98118 - calling /order/placeorder
2025-05-09T11:10:09.373+05:30  INFO 20680 --- [Shopping-Cart] [http-nio-8085-exec-8] c.w.shopping.intercepter.LogIntercepter  : Request URI: /order/placeorder, Request Method: POST
2025-05-09T11:10:09.375+05:30  INFO 20680 --- [Shopping-Cart] [http-nio-8085-exec-8] c.w.s.controller.OrderDetailController   : inside placeorder() begine for user 681b60c62efece1f1e7e3e7e
2025-05-09T11:10:09.376+05:30  INFO 20680 --- [Shopping-Cart] [http-nio-8085-exec-8] c.w.shopping.service.OrderDetailService  : Inside placeOrder | for user 681b60c62efece1f1e7e3e7e
2025-05-09T11:10:09.382+05:30  INFO 20680 --- [Shopping-Cart] [http-nio-8085-exec-8] c.w.shopping.service.CartProductService  : Inside getAllCartProductByUserId() | finding all product | in cart by user 681b60c62efece1f1e7e3e7e
2025-05-09T11:10:09.415+05:30  INFO 20680 --- [Shopping-Cart] [http-nio-8085-exec-8] c.w.shopping.service.OrderDetailService  : ------ placing final Order | with status payment awaiting |for user 681b60c62efece1f1e7e3e7e-------
2025-05-09T11:10:09.416+05:30  INFO 20680 --- [Shopping-Cart] [http-nio-8085-exec-8] c.w.shopping.service.OrderDetailService  : .*********** waiting for payment to be success |for user 681b60c62efece1f1e7e3e7e***********
2025-05-09T11:10:09.417+05:30  INFO 20680 --- [Shopping-Cart] [http-nio-8085-exec-8] com.wu.shopping.service.WalletService    : Deducting amount from wallet for user 681b60c62efece1f1e7e3e7e
2025-05-09T11:10:09.430+05:30  WARN 20680 --- [Shopping-Cart] [http-nio-8085-exec-8] .m.m.a.ExceptionHandlerExceptionResolver : Resolved [java.lang.NullPointerException: Cannot invoke "com.wu.shopping.model.UserWallet.getWalletAmount()" because "wallet" is null]
2025-05-09T11:10:09.431+05:30  INFO 20680 --- [Shopping-Cart] [http-nio-8085-exec-8] c.w.shopping.intercepter.LogIntercepter  : AfterCompletion: Request processing completed: 411 /order/placeorder
2025-05-09T11:10:09.431+05:30  INFO 20680 --- [Shopping-Cart] [http-nio-8085-exec-8] c.w.shopping.intercepter.LogIntercepter  : 7afdef06-c85c-4bab-9d7d-08347ee98118 - completed in 58ms
2025-05-09T11:10:33.813+05:30  INFO 20680 --- [Shopping-Cart] [http-nio-8085-exec-1] c.w.shopping.intercepter.LogIntercepter  : PreHandle: Intercepting request...
2025-05-09T11:10:33.813+05:30  INFO 20680 --- [Shopping-Cart] [http-nio-8085-exec-1] c.w.shopping.intercepter.LogIntercepter  : 7f418bd9-0154-4fad-81c5-36fc0a181eca - calling /order/placeorder
2025-05-09T11:10:33.813+05:30  INFO 20680 --- [Shopping-Cart] [http-nio-8085-exec-1] c.w.shopping.intercepter.LogIntercepter  : Request URI: /order/placeorder, Request Method: POST
2025-05-09T11:10:33.815+05:30  INFO 20680 --- [Shopping-Cart] [http-nio-8085-exec-1] c.w.s.controller.OrderDetailController   : inside placeorder() begine for user 681b60c62efece1f1e7e3e7e
2025-05-09T11:10:33.815+05:30  INFO 20680 --- [Shopping-Cart] [http-nio-8085-exec-1] c.w.shopping.service.OrderDetailService  : Inside placeOrder | for user 681b60c62efece1f1e7e3e7e
2025-05-09T11:10:33.818+05:30  INFO 20680 --- [Shopping-Cart] [http-nio-8085-exec-1] c.w.shopping.service.CartProductService  : Inside getAllCartProductByUserId() | finding all product | in cart by user 681b60c62efece1f1e7e3e7e
2025-05-09T11:10:33.824+05:30  INFO 20680 --- [Shopping-Cart] [http-nio-8085-exec-1] c.w.shopping.service.OrderDetailService  : ------ placing final Order | with status payment awaiting |for user 681b60c62efece1f1e7e3e7e-------
2025-05-09T11:10:33.824+05:30  INFO 20680 --- [Shopping-Cart] [http-nio-8085-exec-1] c.w.shopping.service.OrderDetailService  : .*********** waiting for payment to be success |for user 681b60c62efece1f1e7e3e7e***********
2025-05-09T11:10:33.824+05:30  INFO 20680 --- [Shopping-Cart] [http-nio-8085-exec-1] com.wu.shopping.service.WalletService    : Deducting amount from wallet for user 681b60c62efece1f1e7e3e7e
2025-05-09T11:10:33.842+05:30  INFO 20680 --- [Shopping-Cart] [http-nio-8085-exec-1] com.wu.shopping.service.WalletService    : Deducted amount from wallet for user 681b60c62efece1f1e7e3e7e| of Amount  3858.0
2025-05-09T11:10:33.852+05:30  INFO 20680 --- [Shopping-Cart] [http-nio-8085-exec-1] c.w.shopping.service.OrderDetailService  : *********** payment successfull  |for user 681b60c62efece1f1e7e3e7e***********
2025-05-09T11:10:33.864+05:30  INFO 20680 --- [Shopping-Cart] [http-nio-8085-exec-1] c.w.shopping.service.OrderDetailService  : ---------Updating  Order | with status payment done |for user 681b60c62efece1f1e7e3e7e--------
2025-05-09T11:10:33.865+05:30  INFO 20680 --- [Shopping-Cart] [http-nio-8085-exec-1] c.w.shopping.service.CartProductService  : Inside deleteCartItemByUserid() | deleting by userid 681b60c62efece1f1e7e3e7e
2025-05-09T11:10:33.870+05:30  INFO 20680 --- [Shopping-Cart] [http-nio-8085-exec-1] c.w.shopping.service.OrderDetailService  : ---------Deleting products from cart |for user 681b60c62efece1f1e7e3e7e--------
2025-05-09T11:10:33.876+05:30  INFO 20680 --- [Shopping-Cart] [http-nio-8085-exec-1] c.w.shopping.service.OrderDetailService  : ---------| Reducing quantity of  products from inventory |--------
2025-05-09T11:10:33.879+05:30  INFO 20680 --- [Shopping-Cart] [http-nio-8085-exec-1] c.w.shopping.intercepter.LogIntercepter  : PostHandle: Processing request completed. 200
2025-05-09T11:10:33.879+05:30  INFO 20680 --- [Shopping-Cart] [http-nio-8085-exec-1] c.w.shopping.intercepter.LogIntercepter  : 7f418bd9-0154-4fad-81c5-36fc0a181eca - response in 66ms
2025-05-09T11:10:33.880+05:30  INFO 20680 --- [Shopping-Cart] [http-nio-8085-exec-1] c.w.shopping.intercepter.LogIntercepter  : AfterCompletion: Request processing completed: 200 /order/placeorder
2025-05-09T11:10:33.880+05:30  INFO 20680 --- [Shopping-Cart] [http-nio-8085-exec-1] c.w.shopping.intercepter.LogIntercepter  : 7f418bd9-0154-4fad-81c5-36fc0a181eca - completed in 67ms
